<?xml version="1.0" encoding="UTF-8"?>
<testng-results ignored="0" total="1" passed="1" failed="0" skipped="0">
  <reporter-output>
  </reporter-output>
  <suite started-at="2021-07-17T16:23:39Z" name="Suite" finished-at="2021-07-17T16:23:46Z" duration-ms="7838">
    <groups>
    </groups>
    <test started-at="2021-07-17T16:23:39Z" name="test chrome" finished-at="2021-07-17T16:23:46Z" duration-ms="7838">
      <class name="Suite.AmazonSuite">
        <test-method is-config="true" signature="SetUp(java.lang.String)[pri:0, instance:Suite.AmazonSuite@618b19ad]" started-at="2021-07-17T16:23:36Z" name="SetUp" finished-at="2021-07-17T16:23:39Z" duration-ms="2893" status="PASS">
          <params>
            <param index="0">
              <value>
                <![CDATA[chrome]]>
              </value>
            </param>
          </params>
          <reporter-output>
          </reporter-output>
        </test-method> <!-- SetUp -->
        <test-method signature="Test1()[pri:0, instance:Suite.AmazonSuite@618b19ad]" started-at="2021-07-17T16:23:39Z" name="Test1" finished-at="2021-07-17T16:23:46Z" duration-ms="7826" status="PASS">
          <reporter-output>
          </reporter-output>
        </test-method> <!-- Test1 -->
        <test-method is-config="true" signature="SuiteTearDown()[pri:0, instance:Suite.AmazonSuite@618b19ad]" started-at="2021-07-17T16:23:52Z" name="SuiteTearDown" finished-at="2021-07-17T16:23:52Z" duration-ms="191" status="PASS">
          <reporter-output>
          </reporter-output>
        </test-method> <!-- SuiteTearDown -->
      </class> <!-- Suite.AmazonSuite -->
    </test> <!-- test chrome -->
  </suite> <!-- Suite -->
</testng-results>
